nohup: ignoring input

  .   ____          _            __ _ _
 /\\ / ___'_ __ _ _(_)_ __  __ _ \ \ \ \
( ( )\___ | '_ | '_| | '_ \/ _` | \ \ \ \
 \\/  ___)| |_)| | | | | || (_| |  ) ) ) )
  '  |____| .__|_| |_|_| |_\__, | / / / /
 =========|_|==============|___/=/_/_/_/

 :: Spring Boot ::                (v3.4.6)

2025-06-15T15:17:57.240Z  INFO 213285 --- [broker-backend] [           main] com.broker.BrokerBackendApplication      : Starting BrokerBackendApplication v0.0.1-SNAPSHOT using Java 17.0.15 with PID 213285 (/home/shubhamuse/DisSys/Assignment 2/backend/broker/target/broker-0.0.1-SNAPSHOT.jar started by root in /home/shubhamuse/DisSys/Assignment 2/backend/broker)
2025-06-15T15:17:57.245Z  INFO 213285 --- [broker-backend] [           main] com.broker.BrokerBackendApplication      : No active profile set, falling back to 1 default profile: "default"
2025-06-15T15:17:59.245Z  INFO 213285 --- [broker-backend] [           main] .s.d.r.c.RepositoryConfigurationDelegate : Bootstrapping Spring Data JPA repositories in DEFAULT mode.
2025-06-15T15:17:59.380Z  INFO 213285 --- [broker-backend] [           main] .s.d.r.c.RepositoryConfigurationDelegate : Finished Spring Data repository scanning in 110 ms. Found 2 JPA repository interfaces.
2025-06-15T15:18:01.123Z  INFO 213285 --- [broker-backend] [           main] o.s.b.w.embedded.tomcat.TomcatWebServer  : Tomcat initialized with port 443 (https)
2025-06-15T15:18:01.164Z  INFO 213285 --- [broker-backend] [           main] o.apache.catalina.core.StandardService   : Starting service [Tomcat]
2025-06-15T15:18:01.165Z  INFO 213285 --- [broker-backend] [           main] o.apache.catalina.core.StandardEngine    : Starting Servlet engine: [Apache Tomcat/10.1.41]
2025-06-15T15:18:01.276Z  INFO 213285 --- [broker-backend] [           main] o.a.c.c.C.[Tomcat].[localhost].[/]       : Initializing Spring embedded WebApplicationContext
2025-06-15T15:18:01.280Z  INFO 213285 --- [broker-backend] [           main] w.s.c.ServletWebServerApplicationContext : Root WebApplicationContext: initialization completed in 3903 ms
2025-06-15T15:18:01.675Z  INFO 213285 --- [broker-backend] [           main] o.hibernate.jpa.internal.util.LogHelper  : HHH000204: Processing PersistenceUnitInfo [name: default]
2025-06-15T15:18:01.819Z  INFO 213285 --- [broker-backend] [           main] org.hibernate.Version                    : HHH000412: Hibernate ORM core version 6.6.15.Final
2025-06-15T15:18:01.905Z  INFO 213285 --- [broker-backend] [           main] o.h.c.internal.RegionFactoryInitiator    : HHH000026: Second-level cache disabled
2025-06-15T15:18:02.588Z  INFO 213285 --- [broker-backend] [           main] o.s.o.j.p.SpringPersistenceUnitInfo      : No LoadTimeWeaver setup: ignoring JPA class transformer
2025-06-15T15:18:02.661Z  INFO 213285 --- [broker-backend] [           main] com.zaxxer.hikari.HikariDataSource       : HikariPool-1 - Starting...
2025-06-15T15:18:03.122Z  INFO 213285 --- [broker-backend] [           main] com.zaxxer.hikari.pool.HikariPool        : HikariPool-1 - Added connection org.postgresql.jdbc.PgConnection@8315e4a
2025-06-15T15:18:03.128Z  INFO 213285 --- [broker-backend] [           main] com.zaxxer.hikari.HikariDataSource       : HikariPool-1 - Start completed.
2025-06-15T15:18:03.351Z  INFO 213285 --- [broker-backend] [           main] org.hibernate.orm.connections.pooling    : HHH10001005: Database info:
	Database JDBC URL [Connecting through datasource 'HikariDataSource (HikariPool-1)']
	Database driver: undefined/unknown
	Database version: 17.5
	Autocommit mode: undefined/unknown
	Isolation level: undefined/unknown
	Minimum pool size: undefined/unknown
	Maximum pool size: undefined/unknown
2025-06-15T15:18:05.638Z  INFO 213285 --- [broker-backend] [           main] o.h.e.t.j.p.i.JtaPlatformInitiator       : HHH000489: No JTA platform available (set 'hibernate.transaction.jta.platform' to enable JTA platform integration)
2025-06-15T15:18:05.754Z  INFO 213285 --- [broker-backend] [           main] j.LocalContainerEntityManagerFactoryBean : Initialized JPA EntityManagerFactory for persistence unit 'default'
2025-06-15T15:18:06.542Z  INFO 213285 --- [broker-backend] [           main] o.s.d.j.r.query.QueryEnhancerFactory     : Hibernate is in classpath; If applicable, HQL parser will be used.
2025-06-15T15:18:07.775Z  WARN 213285 --- [broker-backend] [           main] JpaBaseConfiguration$JpaWebConfiguration : spring.jpa.open-in-view is enabled by default. Therefore, database queries may be performed during view rendering. Explicitly configure spring.jpa.open-in-view to disable this warning
2025-06-15T15:18:08.089Z  INFO 213285 --- [broker-backend] [           main] o.s.b.a.w.s.WelcomePageHandlerMapping    : Adding welcome page: class path resource [public/index.html]
2025-06-15T15:18:08.810Z  INFO 213285 --- [broker-backend] [           main] o.s.v.b.OptionalValidatorFactoryBean     : Failed to set up a Bean Validation provider: jakarta.validation.NoProviderFoundException: Unable to create a Configuration, because no Jakarta Bean Validation provider could be found. Add a provider like Hibernate Validator (RI) to your classpath.
2025-06-15T15:18:09.037Z  WARN 213285 --- [broker-backend] [           main] ion$DefaultTemplateResolverConfiguration : Cannot find template location: classpath:/templates/ (please add some templates, check your Thymeleaf configuration, or set spring.thymeleaf.check-template-location=false)
2025-06-15T15:18:09.502Z  INFO 213285 --- [broker-backend] [           main] o.a.t.util.net.NioEndpoint.certificate   : Connector [https-jsse-nio-443], TLS virtual host [_default_], certificate type [UNDEFINED] configured from keystore [/root/.keystore] using alias [broker] with trust store [null]
2025-06-15T15:18:09.533Z  INFO 213285 --- [broker-backend] [           main] o.s.b.w.embedded.tomcat.TomcatWebServer  : Tomcat started on port 443 (https) with context path '/'
2025-06-15T15:18:09.570Z  INFO 213285 --- [broker-backend] [           main] com.broker.BrokerBackendApplication      : Started BrokerBackendApplication in 15.505 seconds (process running for 16.822)
Hibernate: select o1_0.id,o1_0.delivery_address,o1_0.item_id,o1_0.status,o1_0.supplier1_status,o1_0.supplier2_status,o1_0.time,o1_0.user_id from orders o1_0 where o1_0.status=?
Retrying 0 ongoing orders.
2025-06-15T15:18:41.428Z  INFO 213285 --- [broker-backend] [nio-443-exec-10] o.a.c.c.C.[Tomcat].[localhost].[/]       : Initializing Spring DispatcherServlet 'dispatcherServlet'
2025-06-15T15:18:41.429Z  INFO 213285 --- [broker-backend] [nio-443-exec-10] o.s.web.servlet.DispatcherServlet        : Initializing Servlet 'dispatcherServlet'
2025-06-15T15:18:41.432Z  INFO 213285 --- [broker-backend] [nio-443-exec-10] o.s.web.servlet.DispatcherServlet        : Completed initialization in 2 ms
Hibernate: select i1_0.id,i1_0.description,i1_0.image_link,i1_0.price,i1_0.supplier1_item_id,i1_0.supplier1_item_quantity,i1_0.supplier2_item_id,i1_0.supplier2_item_quantity,i1_0.title from items i1_0
Hibernate: select o1_0.id,o1_0.delivery_address,o1_0.item_id,o1_0.status,o1_0.supplier1_status,o1_0.supplier2_status,o1_0.time,o1_0.user_id from orders o1_0 where o1_0.status=?
Retrying 0 ongoing orders.
Hibernate: select o1_0.id,o1_0.delivery_address,o1_0.item_id,o1_0.status,o1_0.supplier1_status,o1_0.supplier2_status,o1_0.time,o1_0.user_id from orders o1_0 where o1_0.status=?
Retrying 0 ongoing orders.
Hibernate: select i1_0.id,i1_0.description,i1_0.image_link,i1_0.price,i1_0.supplier1_item_id,i1_0.supplier1_item_quantity,i1_0.supplier2_item_id,i1_0.supplier2_item_quantity,i1_0.title from items i1_0
Hibernate: select i1_0.id,i1_0.description,i1_0.image_link,i1_0.price,i1_0.supplier1_item_id,i1_0.supplier1_item_quantity,i1_0.supplier2_item_id,i1_0.supplier2_item_quantity,i1_0.title from items i1_0 where i1_0.id=?
Hibernate: insert into orders (delivery_address,item_id,status,supplier1_status,supplier2_status,time,user_id,id) values (?,?,?,?,?,?,?,?)
Hibernate: update orders set delivery_address=?,item_id=?,status=?,supplier1_status=?,supplier2_status=?,time=?,user_id=? where id=?
Hibernate: update orders set delivery_address=?,item_id=?,status=?,supplier1_status=?,supplier2_status=?,time=?,user_id=? where id=?
Hibernate: select o1_0.id,o1_0.delivery_address,o1_0.item_id,o1_0.status,o1_0.supplier1_status,o1_0.supplier2_status,o1_0.time,o1_0.user_id from orders o1_0 where o1_0.user_id=?
Hibernate: select i1_0.id,i1_0.description,i1_0.image_link,i1_0.price,i1_0.supplier1_item_id,i1_0.supplier1_item_quantity,i1_0.supplier2_item_id,i1_0.supplier2_item_quantity,i1_0.title from items i1_0 where i1_0.id=?
Hibernate: select i1_0.id,i1_0.description,i1_0.image_link,i1_0.price,i1_0.supplier1_item_id,i1_0.supplier1_item_quantity,i1_0.supplier2_item_id,i1_0.supplier2_item_quantity,i1_0.title from items i1_0 where i1_0.id=?
Hibernate: select i1_0.id,i1_0.description,i1_0.image_link,i1_0.price,i1_0.supplier1_item_id,i1_0.supplier1_item_quantity,i1_0.supplier2_item_id,i1_0.supplier2_item_quantity,i1_0.title from items i1_0 where i1_0.id=?
Hibernate: select i1_0.id,i1_0.description,i1_0.image_link,i1_0.price,i1_0.supplier1_item_id,i1_0.supplier1_item_quantity,i1_0.supplier2_item_id,i1_0.supplier2_item_quantity,i1_0.title from items i1_0 where i1_0.id=?
Hibernate: select i1_0.id,i1_0.description,i1_0.image_link,i1_0.price,i1_0.supplier1_item_id,i1_0.supplier1_item_quantity,i1_0.supplier2_item_id,i1_0.supplier2_item_quantity,i1_0.title from items i1_0 where i1_0.id=?
Hibernate: select i1_0.id,i1_0.description,i1_0.image_link,i1_0.price,i1_0.supplier1_item_id,i1_0.supplier1_item_quantity,i1_0.supplier2_item_id,i1_0.supplier2_item_quantity,i1_0.title from items i1_0
Hibernate: select o1_0.id,o1_0.delivery_address,o1_0.item_id,o1_0.status,o1_0.supplier1_status,o1_0.supplier2_status,o1_0.time,o1_0.user_id from orders o1_0 where o1_0.user_id=?
Hibernate: select i1_0.id,i1_0.description,i1_0.image_link,i1_0.price,i1_0.supplier1_item_id,i1_0.supplier1_item_quantity,i1_0.supplier2_item_id,i1_0.supplier2_item_quantity,i1_0.title from items i1_0 where i1_0.id=?
Hibernate: select i1_0.id,i1_0.description,i1_0.image_link,i1_0.price,i1_0.supplier1_item_id,i1_0.supplier1_item_quantity,i1_0.supplier2_item_id,i1_0.supplier2_item_quantity,i1_0.title from items i1_0 where i1_0.id=?
Hibernate: select i1_0.id,i1_0.description,i1_0.image_link,i1_0.price,i1_0.supplier1_item_id,i1_0.supplier1_item_quantity,i1_0.supplier2_item_id,i1_0.supplier2_item_quantity,i1_0.title from items i1_0 where i1_0.id=?
Hibernate: select i1_0.id,i1_0.description,i1_0.image_link,i1_0.price,i1_0.supplier1_item_id,i1_0.supplier1_item_quantity,i1_0.supplier2_item_id,i1_0.supplier2_item_quantity,i1_0.title from items i1_0 where i1_0.id=?
Hibernate: select i1_0.id,i1_0.description,i1_0.image_link,i1_0.price,i1_0.supplier1_item_id,i1_0.supplier1_item_quantity,i1_0.supplier2_item_id,i1_0.supplier2_item_quantity,i1_0.title from items i1_0 where i1_0.id=?
Hibernate: select o1_0.id,o1_0.delivery_address,o1_0.item_id,o1_0.status,o1_0.supplier1_status,o1_0.supplier2_status,o1_0.time,o1_0.user_id from orders o1_0 where o1_0.status=?
Retrying 0 ongoing orders.
Hibernate: select i1_0.id,i1_0.description,i1_0.image_link,i1_0.price,i1_0.supplier1_item_id,i1_0.supplier1_item_quantity,i1_0.supplier2_item_id,i1_0.supplier2_item_quantity,i1_0.title from items i1_0
2025-06-15T15:21:51.090Z  INFO 213285 --- [broker-backend] [ionShutdownHook] o.s.b.w.e.tomcat.GracefulShutdown        : Commencing graceful shutdown. Waiting for active requests to complete
2025-06-15T15:21:51.096Z  INFO 213285 --- [broker-backend] [tomcat-shutdown] o.s.b.w.e.tomcat.GracefulShutdown        : Graceful shutdown complete
2025-06-15T15:21:51.105Z  INFO 213285 --- [broker-backend] [ionShutdownHook] j.LocalContainerEntityManagerFactoryBean : Closing JPA EntityManagerFactory for persistence unit 'default'
2025-06-15T15:21:51.112Z  INFO 213285 --- [broker-backend] [ionShutdownHook] com.zaxxer.hikari.HikariDataSource       : HikariPool-1 - Shutdown initiated...
2025-06-15T15:21:51.162Z  INFO 213285 --- [broker-backend] [ionShutdownHook] com.zaxxer.hikari.HikariDataSource       : HikariPool-1 - Shutdown completed.
